--------------------
./configure --sharedlibdir=/Users/mdm/visSele/contrib/zlib-1.2.11/lib --libdir=/Users/mdm/visSele/contrib/zlib-1.2.11/staticlib --includedir=/Users/mdm/visSele/contrib/zlib-1.2.11/include --prefix=/Users/mdm/visSele/contrib/zlib-1.2.11/pref
Tue Nov 27 14:27:07 CST 2018
Checking for gcc...
=== ztest55156.c ===
extern int getchar();
int hello() {return getchar();}
===
gcc -c ztest55156.c
... using gcc

Checking for obsessive-compulsive compiler options...
=== ztest55156.c ===
int foo() { return 0; }
===
gcc -c -O3 ztest55156.c

Checking for shared library support...
=== ztest55156.c ===
extern int getchar();
int hello() {return getchar();}
===
gcc -w -c -O3 -fPIC ztest55156.c
gcc -dynamiclib -install_name /Users/mdm/visSele/contrib/zlib-1.2.11/staticlib/libz.1.dylib -compatibility_version 1 -current_version 1.2.11 -O3 -fPIC -o ztest55156.dylib ztest55156.o
Building shared library libz.1.2.11.dylib with gcc.

=== ztest55156.c ===
#include <stdio.h>
#include <stdlib.h>
size_t dummy = 0;
===
gcc -c -O3 ztest55156.c
Checking for size_t... Yes.


=== ztest55156.c ===
#include <sys/types.h>
off64_t dummy = 0;
===
gcc -c -O3 -D_LARGEFILE64_SOURCE=1 ztest55156.c
ztest55156.c:2:1: error: unknown type name 'off64_t'; did you mean 'off_t'?
off64_t dummy = 0;
^~~~~~~
off_t
/usr/include/sys/_types/_off_t.h:31:25: note: 'off_t' declared here
typedef __darwin_off_t          off_t;
                                ^
1 error generated.
(exit code 1)
Checking for off64_t... No.

=== ztest55156.c ===
#include <stdio.h>
int main(void) {
  fseeko(NULL, 0, 0);
  return 0;
}
===
gcc -O3 -o ztest55156 ztest55156.c
Checking for fseeko... Yes.

=== ztest55156.c ===
#include <string.h>
#include <errno.h>
int main() { return strlen(strerror(errno)); }
===
gcc -O3 -o ztest55156 ztest55156.c
Checking for strerror... Yes.

=== ztest55156.c ===
#include <unistd.h>
int main() { return 0; }
===
gcc -c -O3 ztest55156.c
Checking for unistd.h... Yes.

=== ztest55156.c ===
#include <stdarg.h>
int main() { return 0; }
===
gcc -c -O3 ztest55156.c
Checking for stdarg.h... Yes.

=== ztest55156.c ===
#include <stdio.h>
#include <stdarg.h>
#include "zconf.h"
int main()
{
#ifndef STDC
  choke me
#endif
  return 0;
}
===
gcc -c -O3 ztest55156.c
Checking whether to use vs[n]printf() or s[n]printf()... using vs[n]printf().

=== ztest55156.c ===
#include <stdio.h>
#include <stdarg.h>
int mytest(const char *fmt, ...)
{
  char buf[20];
  va_list ap;
  va_start(ap, fmt);
  vsnprintf(buf, sizeof(buf), fmt, ap);
  va_end(ap);
  return 0;
}
int main()
{
  return (mytest("Hello%d\n", 1));
}
===
gcc -O3 -o ztest55156 ztest55156.c
Checking for vsnprintf() in stdio.h... Yes.

=== ztest55156.c ===
#include <stdio.h>
#include <stdarg.h>
int mytest(const char *fmt, ...)
{
  int n;
  char buf[20];
  va_list ap;
  va_start(ap, fmt);
  n = vsnprintf(buf, sizeof(buf), fmt, ap);
  va_end(ap);
  return n;
}
int main()
{
  return (mytest("Hello%d\n", 1));
}
===
gcc -c -O3 ztest55156.c
Checking for return value of vsnprintf()... Yes.

=== ztest55156.c ===
#define ZLIB_INTERNAL __attribute__((visibility ("hidden")))
int ZLIB_INTERNAL foo;
int main()
{
  return 0;
}
===
gcc -c -O3 ztest55156.c
Checking for attribute(visibility) support... Yes.

ALL = static shared
AR = libtool
ARFLAGS = -o
CC = gcc
CFLAGS = -O3 -DHAVE_HIDDEN
CPP = gcc -E
EXE =
LDCONFIG = ldconfig
LDFLAGS =
LDSHARED = gcc -dynamiclib -install_name /Users/mdm/visSele/contrib/zlib-1.2.11/staticlib/libz.1.dylib -compatibility_version 1 -current_version 1.2.11
LDSHAREDLIBC = -lc
OBJC = $(OBJZ) $(OBJG)
PIC_OBJC = $(PIC_OBJZ) $(PIC_OBJG)
RANLIB = ranlib
SFLAGS = -O3 -fPIC -DHAVE_HIDDEN
SHAREDLIB = libz.dylib
SHAREDLIBM = libz.1.dylib
SHAREDLIBV = libz.1.2.11.dylib
STATICLIB = libz.a
TEST = all teststatic testshared
VER = 1.2.11
Z_U4 =
SRCDIR =
exec_prefix = ${prefix}
includedir = /Users/mdm/visSele/contrib/zlib-1.2.11/include
libdir = /Users/mdm/visSele/contrib/zlib-1.2.11/staticlib
mandir = ${prefix}/share/man
prefix = /Users/mdm/visSele/contrib/zlib-1.2.11/pref
sharedlibdir = /Users/mdm/visSele/contrib/zlib-1.2.11/lib
uname = Darwin
--------------------


--------------------
./configure --sharedlibdir=/Users/mdm/visSele/contrib/zlib-1.2.11/lib --libdir=/Users/mdm/visSele/contrib/zlib-1.2.11/staticlib --includedir=/Users/mdm/visSele/contrib/zlib-1.2.11/include --prefix=/Users/mdm/visSele/contrib/zlib-1.2.11/pref
Wed Dec 19 16:55:17 CST 2018
Checking for gcc...
=== ztest4831.c ===
extern int getchar();
int hello() {return getchar();}
===
gcc -c ztest4831.c
... using gcc

Checking for obsessive-compulsive compiler options...
=== ztest4831.c ===
int foo() { return 0; }
===
gcc -c -O3 ztest4831.c

Checking for shared library support...
=== ztest4831.c ===
extern int getchar();
int hello() {return getchar();}
===
gcc -w -c -O3 -fPIC ztest4831.c
gcc -dynamiclib -install_name /Users/mdm/visSele/contrib/zlib-1.2.11/staticlib/libz.1.dylib -compatibility_version 1 -current_version 1.2.11 -O3 -fPIC -o ztest4831.dylib ztest4831.o
Building shared library libz.1.2.11.dylib with gcc.

=== ztest4831.c ===
#include <stdio.h>
#include <stdlib.h>
size_t dummy = 0;
===
gcc -c -O3 ztest4831.c
Checking for size_t... Yes.


=== ztest4831.c ===
#include <sys/types.h>
off64_t dummy = 0;
===
gcc -c -O3 -D_LARGEFILE64_SOURCE=1 ztest4831.c
ztest4831.c:2:1: error: unknown type name 'off64_t'; did you mean 'off_t'?
off64_t dummy = 0;
^~~~~~~
off_t
/Library/Developer/CommandLineTools/SDKs/MacOSX10.14.sdk/usr/include/sys/_types/_off_t.h:31:25: note: 'off_t' declared here
typedef __darwin_off_t          off_t;
                                ^
1 error generated.
(exit code 1)
Checking for off64_t... No.

=== ztest4831.c ===
#include <stdio.h>
int main(void) {
  fseeko(NULL, 0, 0);
  return 0;
}
===
gcc -O3 -o ztest4831 ztest4831.c
Checking for fseeko... Yes.

=== ztest4831.c ===
#include <string.h>
#include <errno.h>
int main() { return strlen(strerror(errno)); }
===
gcc -O3 -o ztest4831 ztest4831.c
Checking for strerror... Yes.

=== ztest4831.c ===
#include <unistd.h>
int main() { return 0; }
===
gcc -c -O3 ztest4831.c
Checking for unistd.h... Yes.

=== ztest4831.c ===
#include <stdarg.h>
int main() { return 0; }
===
gcc -c -O3 ztest4831.c
Checking for stdarg.h... Yes.

=== ztest4831.c ===
#include <stdio.h>
#include <stdarg.h>
#include "zconf.h"
int main()
{
#ifndef STDC
  choke me
#endif
  return 0;
}
===
gcc -c -O3 ztest4831.c
Checking whether to use vs[n]printf() or s[n]printf()... using vs[n]printf().

=== ztest4831.c ===
#include <stdio.h>
#include <stdarg.h>
int mytest(const char *fmt, ...)
{
  char buf[20];
  va_list ap;
  va_start(ap, fmt);
  vsnprintf(buf, sizeof(buf), fmt, ap);
  va_end(ap);
  return 0;
}
int main()
{
  return (mytest("Hello%d\n", 1));
}
===
gcc -O3 -o ztest4831 ztest4831.c
Checking for vsnprintf() in stdio.h... Yes.

=== ztest4831.c ===
#include <stdio.h>
#include <stdarg.h>
int mytest(const char *fmt, ...)
{
  int n;
  char buf[20];
  va_list ap;
  va_start(ap, fmt);
  n = vsnprintf(buf, sizeof(buf), fmt, ap);
  va_end(ap);
  return n;
}
int main()
{
  return (mytest("Hello%d\n", 1));
}
===
gcc -c -O3 ztest4831.c
Checking for return value of vsnprintf()... Yes.

=== ztest4831.c ===
#define ZLIB_INTERNAL __attribute__((visibility ("hidden")))
int ZLIB_INTERNAL foo;
int main()
{
  return 0;
}
===
gcc -c -O3 ztest4831.c
Checking for attribute(visibility) support... Yes.

ALL = static shared
AR = libtool
ARFLAGS = -o
CC = gcc
CFLAGS = -O3 -DHAVE_HIDDEN
CPP = gcc -E
EXE =
LDCONFIG = ldconfig
LDFLAGS =
LDSHARED = gcc -dynamiclib -install_name /Users/mdm/visSele/contrib/zlib-1.2.11/staticlib/libz.1.dylib -compatibility_version 1 -current_version 1.2.11
LDSHAREDLIBC = -lc
OBJC = $(OBJZ) $(OBJG)
PIC_OBJC = $(PIC_OBJZ) $(PIC_OBJG)
RANLIB = ranlib
SFLAGS = -O3 -fPIC -DHAVE_HIDDEN
SHAREDLIB = libz.dylib
SHAREDLIBM = libz.1.dylib
SHAREDLIBV = libz.1.2.11.dylib
STATICLIB = libz.a
TEST = all teststatic testshared
VER = 1.2.11
Z_U4 =
SRCDIR =
exec_prefix = ${prefix}
includedir = /Users/mdm/visSele/contrib/zlib-1.2.11/include
libdir = /Users/mdm/visSele/contrib/zlib-1.2.11/staticlib
mandir = ${prefix}/share/man
prefix = /Users/mdm/visSele/contrib/zlib-1.2.11/pref
sharedlibdir = /Users/mdm/visSele/contrib/zlib-1.2.11/lib
uname = Darwin
--------------------


--------------------
./configure --sharedlibdir=/Users/mdm/visSele/contrib/zlib-1.2.11/lib --libdir=/Users/mdm/visSele/contrib/zlib-1.2.11/staticlib --includedir=/Users/mdm/visSele/contrib/zlib-1.2.11/include --prefix=/Users/mdm/visSele/contrib/zlib-1.2.11/pref
Wed Dec 19 17:07:46 CST 2018
Checking for gcc...
=== ztest6652.c ===
extern int getchar();
int hello() {return getchar();}
===
gcc -c ztest6652.c
... using gcc

Checking for obsessive-compulsive compiler options...
=== ztest6652.c ===
int foo() { return 0; }
===
gcc -c -O3 ztest6652.c

Checking for shared library support...
=== ztest6652.c ===
extern int getchar();
int hello() {return getchar();}
===
gcc -w -c -O3 -fPIC ztest6652.c
gcc -dynamiclib -install_name /Users/mdm/visSele/contrib/zlib-1.2.11/staticlib/libz.1.dylib -compatibility_version 1 -current_version 1.2.11 -O3 -fPIC -o ztest6652.dylib ztest6652.o
Building shared library libz.1.2.11.dylib with gcc.

=== ztest6652.c ===
#include <stdio.h>
#include <stdlib.h>
size_t dummy = 0;
===
gcc -c -O3 ztest6652.c
Checking for size_t... Yes.


=== ztest6652.c ===
#include <sys/types.h>
off64_t dummy = 0;
===
gcc -c -O3 -D_LARGEFILE64_SOURCE=1 ztest6652.c
ztest6652.c:2:1: error: unknown type name 'off64_t'; did you mean 'off_t'?
off64_t dummy = 0;
^~~~~~~
off_t
/Library/Developer/CommandLineTools/SDKs/MacOSX10.14.sdk/usr/include/sys/_types/_off_t.h:31:25: note: 'off_t' declared here
typedef __darwin_off_t          off_t;
                                ^
1 error generated.
(exit code 1)
Checking for off64_t... No.

=== ztest6652.c ===
#include <stdio.h>
int main(void) {
  fseeko(NULL, 0, 0);
  return 0;
}
===
gcc -O3 -o ztest6652 ztest6652.c
Checking for fseeko... Yes.

=== ztest6652.c ===
#include <string.h>
#include <errno.h>
int main() { return strlen(strerror(errno)); }
===
gcc -O3 -o ztest6652 ztest6652.c
Checking for strerror... Yes.

=== ztest6652.c ===
#include <unistd.h>
int main() { return 0; }
===
gcc -c -O3 ztest6652.c
Checking for unistd.h... Yes.

=== ztest6652.c ===
#include <stdarg.h>
int main() { return 0; }
===
gcc -c -O3 ztest6652.c
Checking for stdarg.h... Yes.

=== ztest6652.c ===
#include <stdio.h>
#include <stdarg.h>
#include "zconf.h"
int main()
{
#ifndef STDC
  choke me
#endif
  return 0;
}
===
gcc -c -O3 ztest6652.c
Checking whether to use vs[n]printf() or s[n]printf()... using vs[n]printf().

=== ztest6652.c ===
#include <stdio.h>
#include <stdarg.h>
int mytest(const char *fmt, ...)
{
  char buf[20];
  va_list ap;
  va_start(ap, fmt);
  vsnprintf(buf, sizeof(buf), fmt, ap);
  va_end(ap);
  return 0;
}
int main()
{
  return (mytest("Hello%d\n", 1));
}
===
gcc -O3 -o ztest6652 ztest6652.c
Checking for vsnprintf() in stdio.h... Yes.

=== ztest6652.c ===
#include <stdio.h>
#include <stdarg.h>
int mytest(const char *fmt, ...)
{
  int n;
  char buf[20];
  va_list ap;
  va_start(ap, fmt);
  n = vsnprintf(buf, sizeof(buf), fmt, ap);
  va_end(ap);
  return n;
}
int main()
{
  return (mytest("Hello%d\n", 1));
}
===
gcc -c -O3 ztest6652.c
Checking for return value of vsnprintf()... Yes.

=== ztest6652.c ===
#define ZLIB_INTERNAL __attribute__((visibility ("hidden")))
int ZLIB_INTERNAL foo;
int main()
{
  return 0;
}
===
gcc -c -O3 ztest6652.c
Checking for attribute(visibility) support... Yes.

ALL = static shared
AR = libtool
ARFLAGS = -o
CC = gcc
CFLAGS = -O3 -DHAVE_HIDDEN
CPP = gcc -E
EXE =
LDCONFIG = ldconfig
LDFLAGS =
LDSHARED = gcc -dynamiclib -install_name /Users/mdm/visSele/contrib/zlib-1.2.11/staticlib/libz.1.dylib -compatibility_version 1 -current_version 1.2.11
LDSHAREDLIBC = -lc
OBJC = $(OBJZ) $(OBJG)
PIC_OBJC = $(PIC_OBJZ) $(PIC_OBJG)
RANLIB = ranlib
SFLAGS = -O3 -fPIC -DHAVE_HIDDEN
SHAREDLIB = libz.dylib
SHAREDLIBM = libz.1.dylib
SHAREDLIBV = libz.1.2.11.dylib
STATICLIB = libz.a
TEST = all teststatic testshared
VER = 1.2.11
Z_U4 =
SRCDIR =
exec_prefix = ${prefix}
includedir = /Users/mdm/visSele/contrib/zlib-1.2.11/include
libdir = /Users/mdm/visSele/contrib/zlib-1.2.11/staticlib
mandir = ${prefix}/share/man
prefix = /Users/mdm/visSele/contrib/zlib-1.2.11/pref
sharedlibdir = /Users/mdm/visSele/contrib/zlib-1.2.11/lib
uname = Darwin
--------------------


